<?xml version="1.0" encoding="UTF-8"?>
<testng-results skipped="0" failed="0" ignored="0" total="0" passed="0">
  <reporter-output>
  </reporter-output>
  <suite name="Command line suite" duration-ms="4" started-at="2019-01-02T15:02:10 IST" finished-at="2019-01-02T15:02:10 IST">
    <groups>
    </groups>
    <test name="Command line test" duration-ms="4" started-at="2019-01-02T15:02:10 IST" finished-at="2019-01-02T15:02:10 IST">
    </test> <!-- Command line test -->
  </suite> <!-- Command line suite -->
</testng-results>
